<?xml version="1.0" encoding="UTF-8"?>
<testng-results skipped="0" failed="1" total="1" passed="0">
  <reporter-output>
    <line>
      <![CDATA[No properties files have been discovered.]]>
    </line>
    <line>
      <![CDATA[Firefox Profile - Active Content block is DISABLED!]]>
    </line>
    <line>
      <![CDATA[RemoteWebDriver connecting to http://localhost:4444/wd/hub]]>
    </line>
    <line>
      <![CDATA[Browser: firefox]]>
    </line>
    <line>
      <![CDATA[Platform: WINDOWS]]>
    </line>
  </reporter-output>
  <suite name="Default suite" duration-ms="55580" started-at="2015-02-16T13:02:35Z" finished-at="2015-02-16T13:03:31Z">
    <groups>
    </groups>
    <test name="Default test" duration-ms="55580" started-at="2015-02-16T13:02:35Z" finished-at="2015-02-16T13:03:31Z">
      <class name="com.ecm.webautomation.pret.tests.HomePageTestCases">
        <test-method status="PASS" signature="startSelenium(java.lang.String, java.lang.String)[pri:0, instance:com.ecm.webautomation.pret.tests.HomePageTestCases@3445265a]" name="startSelenium" is-config="true" duration-ms="17757" started-at="2015-02-16T18:32:35Z" finished-at="2015-02-16T18:32:53Z">
          <params>
            <param index="0">
              <value>
                <![CDATA[firefox]]>
              </value>
            </param>
            <param index="1">
              <value>
                <![CDATA[WINDOWS]]>
              </value>
            </param>
          </params>
          <reporter-output>
            <line>
              <![CDATA[Firefox Profile - Active Content block is DISABLED!]]>
            </line>
            <line>
              <![CDATA[RemoteWebDriver connecting to http://localhost:4444/wd/hub]]>
            </line>
            <line>
              <![CDATA[Browser: firefox]]>
            </line>
            <line>
              <![CDATA[Platform: WINDOWS]]>
            </line>
          </reporter-output>
        </test-method> <!-- startSelenium -->
        <test-method status="PASS" signature="setUp()[pri:0, instance:com.ecm.webautomation.pret.tests.HomePageTestCases@3445265a]" name="setUp" is-config="true" duration-ms="23346" started-at="2015-02-16T18:32:53Z" finished-at="2015-02-16T18:33:16Z">
          <reporter-output>
          </reporter-output>
        </test-method> <!-- setUp -->
        <test-method status="PASS" signature="beforeMethod()[pri:0, instance:com.ecm.webautomation.pret.tests.HomePageTestCases@3445265a]" name="beforeMethod" is-config="true" duration-ms="84" started-at="2015-02-16T18:33:16Z" finished-at="2015-02-16T18:33:16Z">
          <reporter-output>
          </reporter-output>
        </test-method> <!-- beforeMethod -->
        <test-method status="FAIL" signature="TC_PAM_91_HF_Header_Footer_SearchBar()[pri:0, instance:com.ecm.webautomation.pret.tests.HomePageTestCases@3445265a]" name="TC_PAM_91_HF_Header_Footer_SearchBar" duration-ms="13523" started-at="2015-02-16T18:33:16Z" description="TC-PAM-95:HF10 - Header &amp; Footer - Megamenu" finished-at="2015-02-16T18:33:30Z">
          <exception class="java.lang.AssertionError">
            <message>
              <![CDATA[Suggestion Box is not Displaying expected [true] but found [false]]]>
            </message>
            <full-stacktrace>
              <![CDATA[java.lang.AssertionError: Suggestion Box is not Displaying expected [true] but found [false]
	at org.testng.Assert.fail(Assert.java:94)
	at org.testng.Assert.failNotEquals(Assert.java:494)
	at org.testng.Assert.assertTrue(Assert.java:42)
	at com.ecm.webautomation.pret.tests.HomePageTestCases.TC_PAM_91_HF_Header_Footer_SearchBar(HomePageTestCases.java:51)
	at sun.reflect.NativeMethodAccessorImpl.invoke0(Native Method)
	at sun.reflect.NativeMethodAccessorImpl.invoke(Unknown Source)
	at sun.reflect.DelegatingMethodAccessorImpl.invoke(Unknown Source)
	at java.lang.reflect.Method.invoke(Unknown Source)
	at org.testng.internal.MethodInvocationHelper.invokeMethod(MethodInvocationHelper.java:84)
	at org.testng.internal.Invoker.invokeMethod(Invoker.java:714)
	at org.testng.internal.Invoker.invokeTestMethod(Invoker.java:901)
	at org.testng.internal.Invoker.invokeTestMethods(Invoker.java:1231)
	at org.testng.internal.TestMethodWorker.invokeTestMethods(TestMethodWorker.java:127)
	at org.testng.internal.TestMethodWorker.run(TestMethodWorker.java:111)
	at org.testng.TestRunner.privateRun(TestRunner.java:767)
	at org.testng.TestRunner.run(TestRunner.java:617)
	at org.testng.SuiteRunner.runTest(SuiteRunner.java:335)
	at org.testng.SuiteRunner.runSequentially(SuiteRunner.java:330)
	at org.testng.SuiteRunner.privateRun(SuiteRunner.java:291)
	at org.testng.SuiteRunner.run(SuiteRunner.java:240)
	at org.testng.SuiteRunnerWorker.runSuite(SuiteRunnerWorker.java:52)
	at org.testng.SuiteRunnerWorker.run(SuiteRunnerWorker.java:86)
	at org.testng.TestNG.runSuitesSequentially(TestNG.java:1224)
	at org.testng.TestNG.runSuitesLocally(TestNG.java:1149)
	at org.testng.TestNG.run(TestNG.java:1057)
	at org.testng.remote.RemoteTestNG.run(RemoteTestNG.java:111)
	at org.testng.remote.RemoteTestNG.initAndRun(RemoteTestNG.java:204)
	at org.testng.remote.RemoteTestNG.main(RemoteTestNG.java:175)
]]>
            </full-stacktrace>
          </exception> <!-- java.lang.AssertionError -->
          <reporter-output>
          </reporter-output>
        </test-method> <!-- TC_PAM_91_HF_Header_Footer_SearchBar -->
        <test-method status="PASS" signature="stopSelenium()[pri:0, instance:com.ecm.webautomation.pret.tests.HomePageTestCases@3445265a]" name="stopSelenium" is-config="true" duration-ms="855" started-at="2015-02-16T18:33:30Z" finished-at="2015-02-16T18:33:31Z">
          <reporter-output>
          </reporter-output>
        </test-method> <!-- stopSelenium -->
      </class> <!-- com.ecm.webautomation.pret.tests.HomePageTestCases -->
    </test> <!-- Default test -->
  </suite> <!-- Default suite -->
</testng-results>
