<html>
<head>
<title>TestNG:  TC_PAM_92_HF07HeaderFooterSuggestiveSearch</title>
<link href="../testng.css" rel="stylesheet" type="text/css" />
<link href="../my-testng.css" rel="stylesheet" type="text/css" />

<style type="text/css">
.log { display: none;} 
.stack-trace { display: none;} 
</style>
<script type="text/javascript">
<!--
function flip(e) {
  current = e.style.display;
  if (current == 'block') {
    e.style.display = 'none';
    return 0;
  }
  else {
    e.style.display = 'block';
    return 1;
  }
}

function toggleBox(szDivId, elem, msg1, msg2)
{
  var res = -1;  if (document.getElementById) {
    res = flip(document.getElementById(szDivId));
  }
  else if (document.all) {
    // this is the way old msie versions work
    res = flip(document.all[szDivId]);
  }
  if(elem) {
    if(res == 0) elem.innerHTML = msg1; else elem.innerHTML = msg2;
  }

}

function toggleAllBoxes() {
  if (document.getElementsByTagName) {
    d = document.getElementsByTagName('div');
    for (i = 0; i < d.length; i++) {
      if (d[i].className == 'log') {
        flip(d[i]);
      }
    }
  }
}

// -->
</script>

</head>
<body>
<h2 align='center'>TC_PAM_92_HF07HeaderFooterSuggestiveSearch</h2><table border='1' align="center">
<tr>
<td>Tests passed/Failed/Skipped:</td><td>0/1/0</td>
</tr><tr>
<td>Started on:</td><td>Mon Feb 16 13:55:38 EET 2015</td>
</tr>
<tr><td>Total time:</td><td>64 seconds (64314 ms)</td>
</tr><tr>
<td>Included groups:</td><td></td>
</tr><tr>
<td>Excluded groups:</td><td></td>
</tr>
</table><p/>
<small><i>(Hover the method name to see the test class name)</i></small><p/>
<table width='100%' border='1' class='invocation-failed'>
<tr><td colspan='4' align='center'><b>FAILED TESTS</b></td></tr>
<tr><td><b>Test method</b></td>
<td width="30%"><b>Exception</b></td>
<td width="10%"><b>Time (seconds)</b></td>
<td><b>Instance</b></td>
</tr>
<tr>
<td title='com.ecm.webautomation.pret.tests.HomePageTestCases.TC_PAM_92_HF07HeaderFooterSuggestiveSearch()'><b>TC_PAM_92_HF07HeaderFooterSuggestiveSearch</b><br>Test class: com.ecm.webautomation.pret.tests.HomePageTestCases<br>Test method:  TC-PAM-97:HF12 - Header & Footer - Newsletter signup<br/>
<a href="#Output-500892806" onClick='toggleBox("Output-500892806", this, "Show output", "Hide output");'>Show output</a>

<a href="#Output-500892806" onClick="toggleAllBoxes();">Show all outputs</a>
<div class='log' id="Output-500892806">
Writing screen buffer to file ./target/screenshotsFailures/TC_PAM_92_HF07HeaderFooterSuggestiveSearch1424087797458.png<br/>
Test case failed: . Writing screen buffer to file ./target/screenshotsFailures/TC_PAM_92_HF07HeaderFooterSuggestiveSearch1424087797458.png<br/>
Writes WebDriver logs to file ./target/webDriverLogs/TC_PAM_92_HF07HeaderFooterSuggestiveSearch1424087802055-browser.log<br/>
Writes WebDriver logs to file ./target/webDriverLogs/TC_PAM_92_HF07HeaderFooterSuggestiveSearch1424087802239-driver.log<br/>
Writes WebDriver logs to file ./target/webDriverLogs/TC_PAM_92_HF07HeaderFooterSuggestiveSearch1424087802246-client.log<br/>
Writes WebDriver logs to file ./target/webDriverLogs/TC_PAM_92_HF07HeaderFooterSuggestiveSearch1424087802252-server.log<br/>
Current page URL is: http://www.pret-us.sandbox.orderdynamics.net/en-us<br/>
</div>
</td>
<td><div><pre>java.lang.AssertionError: Suggestion Box is not Displaying expected [true] but found [false]
	at com.ecm.webautomation.pret.tests.HomePageTestCases.TC_PAM_92_HF07HeaderFooterSuggestiveSearch(HomePageTestCases.java:94)
	at java.util.concurrent.FutureTask$Sync.innerRun(FutureTask.java:334)
	at java.util.concurrent.FutureTask.run(FutureTask.java:166)
	at java.util.concurrent.ThreadPoolExecutor.runWorker(ThreadPoolExecutor.java:1110)
	at java.util.concurrent.ThreadPoolExecutor$Worker.run(ThreadPoolExecutor.java:603)
	at java.lang.Thread.run(Thread.java:722)
... Removed 19 stack frames</pre></div><a href='#' onClick='toggleBox("stack-trace500892806", this, "Click to show all stack frames", "Click to hide stack frames")'>Click to show all stack frames</a>
<div class='stack-trace' id='stack-trace500892806'><pre>java.lang.AssertionError: Suggestion Box is not Displaying expected [true] but found [false]
	at org.testng.Assert.fail(Assert.java:94)
	at org.testng.Assert.failNotEquals(Assert.java:494)
	at org.testng.Assert.assertTrue(Assert.java:42)
	at com.ecm.webautomation.pret.tests.HomePageTestCases.TC_PAM_92_HF07HeaderFooterSuggestiveSearch(HomePageTestCases.java:94)
	at sun.reflect.NativeMethodAccessorImpl.invoke0(Native Method)
	at sun.reflect.NativeMethodAccessorImpl.invoke(NativeMethodAccessorImpl.java:57)
	at sun.reflect.DelegatingMethodAccessorImpl.invoke(DelegatingMethodAccessorImpl.java:43)
	at java.lang.reflect.Method.invoke(Method.java:601)
	at org.testng.internal.MethodInvocationHelper.invokeMethod(MethodInvocationHelper.java:84)
	at org.testng.internal.Invoker.invokeMethod(Invoker.java:714)
	at org.testng.internal.Invoker.invokeTestMethod(Invoker.java:901)
	at org.testng.internal.Invoker.invokeTestMethods(Invoker.java:1231)
	at org.testng.internal.TestMethodWorker.invokeTestMethods(TestMethodWorker.java:127)
	at org.testng.internal.TestMethodWorker.run(TestMethodWorker.java:111)
	at org.testng.TestRunner.privateRun(TestRunner.java:767)
	at org.testng.TestRunner.run(TestRunner.java:617)
	at org.testng.SuiteRunner.runTest(SuiteRunner.java:334)
	at org.testng.SuiteRunner.access$000(SuiteRunner.java:37)
	at org.testng.SuiteRunner$SuiteWorker.run(SuiteRunner.java:368)
	at org.testng.internal.thread.ThreadUtil$2.call(ThreadUtil.java:64)
	at java.util.concurrent.FutureTask$Sync.innerRun(FutureTask.java:334)
	at java.util.concurrent.FutureTask.run(FutureTask.java:166)
	at java.util.concurrent.ThreadPoolExecutor.runWorker(ThreadPoolExecutor.java:1110)
	at java.util.concurrent.ThreadPoolExecutor$Worker.run(ThreadPoolExecutor.java:603)
	at java.lang.Thread.run(Thread.java:722)
</pre></div></td>
<td>3</td>
<td>com.ecm.webautomation.pret.tests.HomePageTestCases@4b73eabc</td></tr>
</table><p>
</body>
</html>