<?xml version="1.0" encoding="UTF-8"?>
<!-- Generated by org.testng.reporters.JUnitXMLReporter -->
<testsuite hostname="jenkins.dev.ecm" name="TC_PAM_88_HF03_Header_N_Footer_HeaderLinks" tests="1" failures="1" timestamp="16 Feb 2015 11:57:36 GMT" time="53.5" errors="0">
  <testcase name="TC_PAM_88_HF03_Header_N_Footer_HeaderLinks" time="7.737" classname="com.ecm.webautomation.pret.tests.HomePageTestCases">
    <failure type="java.lang.AssertionError" message="FAILNews Letter Sign Up Success Message is not visible. expected [true] but found [false]">
      <![CDATA[java.lang.AssertionError: FAILNews Letter Sign Up Success Message is not visible. expected [true] but found [false]
	at com.ecm.webautomation.pret.common.CommonMethods.verifyVisible(CommonMethods.java:97)
	at com.ecm.webautomation.pret.common.CommonMethods.verifyNewsLetterSignUpSuccessMsg(CommonMethods.java:382)
	at com.ecm.webautomation.pret.tests.HomePageTestCases.TC_PAM_88_HF03_Header_N_Footer_HeaderLinks(HomePageTestCases.java:172)
	at java.util.concurrent.FutureTask$Sync.innerRun(FutureTask.java:334)
	at java.util.concurrent.FutureTask.run(FutureTask.java:166)
	at java.util.concurrent.ThreadPoolExecutor.runWorker(ThreadPoolExecutor.java:1110)
	at java.util.concurrent.ThreadPoolExecutor$Worker.run(ThreadPoolExecutor.java:603)
	at java.lang.Thread.run(Thread.java:722)
... Removed 19 stack frames]]>
    </failure>
  </testcase> <!-- TC_PAM_88_HF03_Header_N_Footer_HeaderLinks -->
</testsuite> <!-- TC_PAM_88_HF03_Header_N_Footer_HeaderLinks -->
